{"C:\\Users\\cris-\\Programming-PC\\Projects\\July-2022\\Team-PGenerator\\html-gen.js": {"path":"C:\\Users\\cris-\\Programming-PC\\Projects\\July-2022\\Team-PGenerator\\html-gen.js","statementMap":{"0":{"start":{"line":1,"column":11},"end":{"line":1,"column":24}},"1":{"start":{"line":5,"column":20},"end":{"line":25,"column":1}},"2":{"start":{"line":26,"column":0},"end":{"line":29,"column":3}},"3":{"start":{"line":27,"column":4},"end":{"line":27,"column":34}},"4":{"start":{"line":31,"column":0},"end":{"line":36,"column":1}},"5":{"start":{"line":37,"column":0},"end":{"line":37,"column":17}},"6":{"start":{"line":41,"column":4},"end":{"line":65,"column":9}},"7":{"start":{"line":70,"column":0},"end":{"line":70,"column":32}}},"fnMap":{"0":{"name":"htnl_Generator","decl":{"start":{"line":4,"column":9},"end":{"line":4,"column":23}},"loc":{"start":{"line":4,"column":29},"end":{"line":38,"column":1}},"line":4},"1":{"name":"(anonymous_1)","decl":{"start":{"line":26,"column":13},"end":{"line":26,"column":14}},"loc":{"start":{"line":26,"column":24},"end":{"line":29,"column":1}},"line":26},"2":{"name":"add_team","decl":{"start":{"line":40,"column":9},"end":{"line":40,"column":17}},"loc":{"start":{"line":40,"column":23},"end":{"line":68,"column":1}},"line":40}},"branchMap":{},"s":{"0":1,"1":0,"2":0,"3":0,"4":0,"5":0,"6":0,"7":1},"f":{"0":0,"1":0,"2":0},"b":{},"_coverageSchema":"1a1c01bbd47fc00a2c39e90264f33305004495a9","hash":"e2a7a7ab53e0d4ca76d6238b40e3603da6f6e962"}
,"C:\\Users\\cris-\\Programming-PC\\Projects\\July-2022\\Team-PGenerator\\index.js": {"path":"C:\\Users\\cris-\\Programming-PC\\Projects\\July-2022\\Team-PGenerator\\index.js","statementMap":{"0":{"start":{"line":1,"column":17},"end":{"line":1,"column":36}},"1":{"start":{"line":2,"column":9},"end":{"line":2,"column":22}},"2":{"start":{"line":3,"column":17},"end":{"line":3,"column":38}},"3":{"start":{"line":7,"column":4},"end":{"line":7,"column":21}},"4":{"start":{"line":8,"column":4},"end":{"line":8,"column":29}},"5":{"start":{"line":9,"column":4},"end":{"line":9,"column":17}},"6":{"start":{"line":10,"column":4},"end":{"line":10,"column":23}},"7":{"start":{"line":11,"column":4},"end":{"line":11,"column":25}},"8":{"start":{"line":14,"column":17},"end":{"line":20,"column":1}},"9":{"start":{"line":22,"column":12},"end":{"line":22,"column":14}},"10":{"start":{"line":25,"column":22},"end":{"line":57,"column":6}},"11":{"start":{"line":26,"column":8},"end":{"line":55,"column":11}},"12":{"start":{"line":54,"column":12},"end":{"line":54,"column":26}},"13":{"start":{"line":59,"column":4},"end":{"line":81,"column":36}},"14":{"start":{"line":60,"column":23},"end":{"line":60,"column":90}},"15":{"start":{"line":61,"column":8},"end":{"line":61,"column":28}},"16":{"start":{"line":62,"column":8},"end":{"line":62,"column":26}},"17":{"start":{"line":63,"column":8},"end":{"line":79,"column":10}},"18":{"start":{"line":71,"column":12},"end":{"line":78,"column":13}},"19":{"start":{"line":72,"column":16},"end":{"line":72,"column":32}},"20":{"start":{"line":74,"column":16},"end":{"line":74,"column":56}},"21":{"start":{"line":75,"column":16},"end":{"line":75,"column":35}},"22":{"start":{"line":76,"column":16},"end":{"line":77,"column":62}},"23":{"start":{"line":77,"column":16},"end":{"line":77,"column":61}},"24":{"start":{"line":81,"column":18},"end":{"line":81,"column":34}},"25":{"start":{"line":84,"column":0},"end":{"line":84,"column":17}},"26":{"start":{"line":86,"column":0},"end":{"line":86,"column":25}}},"fnMap":{"0":{"name":"Co_info","decl":{"start":{"line":6,"column":9},"end":{"line":6,"column":16}},"loc":{"start":{"line":6,"column":48},"end":{"line":12,"column":1}},"line":6},"1":{"name":"call_questions","decl":{"start":{"line":24,"column":9},"end":{"line":24,"column":23}},"loc":{"start":{"line":24,"column":25},"end":{"line":82,"column":1}},"line":24},"2":{"name":"(anonymous_2)","decl":{"start":{"line":25,"column":34},"end":{"line":25,"column":35}},"loc":{"start":{"line":25,"column":52},"end":{"line":57,"column":5}},"line":25},"3":{"name":"(anonymous_3)","decl":{"start":{"line":53,"column":17},"end":{"line":53,"column":18}},"loc":{"start":{"line":53,"column":23},"end":{"line":55,"column":9}},"line":53},"4":{"name":"(anonymous_4)","decl":{"start":{"line":59,"column":19},"end":{"line":59,"column":20}},"loc":{"start":{"line":59,"column":27},"end":{"line":80,"column":6}},"line":59},"5":{"name":"(anonymous_5)","decl":{"start":{"line":70,"column":16},"end":{"line":70,"column":17}},"loc":{"start":{"line":70,"column":24},"end":{"line":79,"column":9}},"line":70},"6":{"name":"(anonymous_6)","decl":{"start":{"line":76,"column":64},"end":{"line":76,"column":65}},"loc":{"start":{"line":77,"column":16},"end":{"line":77,"column":61}},"line":77},"7":{"name":"(anonymous_7)","decl":{"start":{"line":81,"column":11},"end":{"line":81,"column":12}},"loc":{"start":{"line":81,"column":18},"end":{"line":81,"column":34}},"line":81}},"branchMap":{"0":{"loc":{"start":{"line":71,"column":12},"end":{"line":78,"column":13}},"type":"if","locations":[{"start":{"line":71,"column":12},"end":{"line":78,"column":13}},{"start":{"line":73,"column":17},"end":{"line":78,"column":13}}],"line":71},"1":{"loc":{"start":{"line":77,"column":16},"end":{"line":77,"column":61}},"type":"cond-expr","locations":[{"start":{"line":77,"column":20},"end":{"line":77,"column":36}},{"start":{"line":77,"column":37},"end":{"line":77,"column":61}}],"line":77}},"s":{"0":1,"1":1,"2":1,"3":1,"4":1,"5":1,"6":1,"7":1,"8":1,"9":1,"10":1,"11":1,"12":0,"13":1,"14":0,"15":0,"16":0,"17":0,"18":0,"19":0,"20":0,"21":0,"22":0,"23":0,"24":0,"25":1,"26":1},"f":{"0":1,"1":1,"2":1,"3":0,"4":0,"5":0,"6":0,"7":0},"b":{"0":[0,0],"1":[0,0]},"_coverageSchema":"1a1c01bbd47fc00a2c39e90264f33305004495a9","hash":"ce5ac3dc0b63376fd4270723cab39e12e6bf4dd4"}
}
