TN:
SF:html-gen.js
FN:4,htnl_Generator
FN:26,(anonymous_1)
FN:40,add_team
FNF:3
FNH:0
FNDA:0,htnl_Generator
FNDA:0,(anonymous_1)
FNDA:0,add_team
DA:1,1
DA:5,0
DA:26,0
DA:27,0
DA:31,0
DA:37,0
DA:41,0
DA:70,1
LF:8
LH:2
BRF:0
BRH:0
end_of_record
TN:
SF:index.js
FN:6,Co_info
FN:24,call_questions
FN:25,(anonymous_2)
FN:53,(anonymous_3)
FN:59,(anonymous_4)
FN:70,(anonymous_5)
FN:76,(anonymous_6)
FN:81,(anonymous_7)
FNF:8
FNH:3
FNDA:1,Co_info
FNDA:1,call_questions
FNDA:1,(anonymous_2)
FNDA:0,(anonymous_3)
FNDA:0,(anonymous_4)
FNDA:0,(anonymous_5)
FNDA:0,(anonymous_6)
FNDA:0,(anonymous_7)
DA:1,1
DA:2,1
DA:3,1
DA:7,1
DA:8,1
DA:9,1
DA:10,1
DA:11,1
DA:14,1
DA:22,1
DA:25,1
DA:26,1
DA:54,0
DA:59,1
DA:60,0
DA:61,0
DA:62,0
DA:63,0
DA:71,0
DA:72,0
DA:74,0
DA:75,0
DA:76,0
DA:77,0
DA:81,0
DA:84,1
DA:86,1
LF:27
LH:15
BRDA:71,0,0,0
BRDA:71,0,1,0
BRDA:77,1,0,0
BRDA:77,1,1,0
BRF:4
BRH:0
end_of_record
